CGI script started
CGI script ended
CGI script started
CGI script ended
CGI script started
CGI script ended
CGI script started
CGI script ended
CGI script started
CGI script ended
CGI script started
CGI script ended
CGI script started
CGI script ended
CGI script started
CGI script ended
CGI script started
CGI script ended
CGI script started
CGI script ended
CGI script started
CGI script ended
CGI script started
CGI script ended
CGI script started
CGI script ended
CGI script started
CGI script ended
CGI script started at: 1721139041
Request URI: /cgi-bin/process_post.php
Request Method: POST
CGI script ended
CGI script started at: 1721139042
Request URI: /cgi-bin/process_post.php
Request Method: POST
CGI script ended
CGI script started at: 1721141632
Request URI: /cgi-bin/possst.php
Request Method: GET
CGI script ended
CGI script started at: 1721141632
Request URI: /cgi-bin/possst.php
Request Method: GET
CGI script ended
CGI script started at: 1721141680
Request URI: /cgi-bin/possst.php
Request Method: POST
CGI script ended
CGI script started at: 1721141682
Request URI: /cgi-bin/possst.php
Request Method: POST
CGI script ended
CGI script started at: 1721153233
Request URI: /cgi-bin/cookies.php
Request Method: GET
CGI script ended
CGI script started at: 1721153233
Request URI: /cgi-bin/cookies.php
Request Method: GET
CGI script ended
CGI script started at: 1721248830
Request URI: /cgi-bin/contact.py
Request Method: GET
CGI script ended
CGI script started at: 1721248830
Request URI: /cgi-bin/contact.py
Request Method: GET
CGI script ended
CGI script started at: 1721248861
Request URI: /cgi-bin/contact.py
Request Method: POST
CGI script ended
CGI script started at: 1721248861
Request URI: /cgi-bin/contact.py
Request Method: POST
CGI script ended
CGI script started at: 1721316467
Request URI: /cgi-bin/test_post.php
Request Method: GET
CGI script ended
CGI script started at: 1721316467
Request URI: /cgi-bin/test_post.php
Request Method: GET
CGI script ended
CGI script started at: 1721316472
Request URI: /cgi-bin/test_timeout.py
Request Method: GET
CGI script ended
CGI script started at: 1721316477
Request URI: /cgi-bin/test_timeout.py
Request Method: GET
CGI script ended
CGI script started at: 1721316494
Request URI: /cgi-bin/test_timeout.php
Request Method: GET
CGI script ended
CGI script started at: 1721316499
Request URI: /cgi-bin/test_timeout.php
Request Method: GET
CGI script ended
