Script run at: 2024-08-05 23:08:33
Form already submitted.
Script run at: 2024-08-05 23:08:33
Form already submitted.
Script run at: 2024-08-05 23:08:40
Script run at: 2024-08-05 23:08:40
Script run at: 2024-08-05 23:08:48
Form already submitted.
Script run at: 2024-08-05 23:08:48
Form already submitted.
Script run at: 2024-08-05 23:10:01
Form already submitted.
Script run at: 2024-08-05 23:10:01
Form already submitted.
Script run at: 2024-08-05 23:10:06
Script run at: 2024-08-05 23:10:06
Script run at: 2024-08-05 23:10:20
Form already submitted.
Script run at: 2024-08-05 23:10:20
Form already submitted.
Script run at: 2024-08-05 23:19:23
Script run at: 2024-08-05 23:19:23
Script run at: 2024-08-05 23:19:30
Content-Type: multipart/form-data; boundary=----WebKitFormBoundaryoR8G66YmAUwy6ph2
Content-Length: 8506
Cookie: PHPSESSID=kq042ritk90609lq4nvvkakpka
User-Agent: Mozilla/5.0 (X11; Linux x86_64) AppleWebKit/537.36 (KHTML, like Gecko) Chrome/126.0.0.0 Safari/537.36
POST name: nouha
POST email: nouha2000.hassan@hotmail.fr
File uploaded: tulipes.jpeg
POST request received with file: tulipes.jpeg
File uploaded to: ./66b141e2542c51.29738345.jpeg
Script run at: 2024-08-05 23:19:30
Form already submitted.
Script run at: 2024-08-05 23:19:46
Script run at: 2024-08-05 23:19:46
Script run at: 2024-08-05 23:19:53
Form already submitted.
Script run at: 2024-08-05 23:19:53
Form already submitted.
Script run at: 2024-08-05 23:20:13
Script run at: 2024-08-05 23:20:14
Script run at: 2024-08-05 23:20:20
Content-Type: multipart/form-data; boundary=----WebKitFormBoundarygnRlsFCMyx4AIYHQ
Content-Length: 512465
Cookie: PHPSESSID=ldjv19ok6r7h4olb17010tfgmo
User-Agent: Mozilla/5.0 (X11; Linux x86_64) AppleWebKit/537.36 (KHTML, like Gecko) Chrome/126.0.0.0 Safari/537.36
POST name: ert
POST email: nouha2000.hassan@gmail.com
File uploaded: nouha.png
POST request received with file: nouha.png
File uploaded to: ./66b14214e7e779.33628496.png
Script run at: 2024-08-05 23:20:20
Form already submitted.
